# Logfile created on 2011-07-20 16:29:48 -0400 by logger.rb/25413
RestClient.get "https://www-147.ibm.com/computecloud/enterprise/api/rest/20100331/instances/", "Accept"=>"application/json", "Accept-Encoding"=>"gzip, deflate", "Timeout"=>"10"
# => 200 OK | application/json 636 bytes
RestClient.get "https://www-147.ibm.com/computecloud/enterprise/api/rest/20100331/instances/", "Accept"=>"application/json", "Accept-Encoding"=>"gzip, deflate", "Timeout"=>"10"
# => 200 OK | application/json 636 bytes
RestClient.get "https://www-147.ibm.com/computecloud/enterprise/api/rest/20100331/instances/", "Accept"=>"application/json", "Accept-Encoding"=>"gzip, deflate", "Timeout"=>"10"
# => 200 OK | application/json 636 bytes
RestClient.get "https://www-147.ibm.com/computecloud/enterprise/api/rest/20100331/instances/", "Accept"=>"application/json", "Accept-Encoding"=>"gzip, deflate", "Timeout"=>"10"
# => 200 OK | application/json 636 bytes
RestClient.get "https://www-147.ibm.com/computecloud/enterprise/api/rest/20100331/instances/", "Accept"=>"application/json", "Accept-Encoding"=>"gzip, deflate", "Timeout"=>"10"
# => 200 OK | application/json 653 bytes
RestClient.get "https://www-147.ibm.com/computecloud/enterprise/api/rest/20100331/instances/", "Accept"=>"application/json", "Accept-Encoding"=>"gzip, deflate", "Timeout"=>"10"
# => 200 OK | application/json 653 bytes
RestClient.get "https://www-147.ibm.com/computecloud/enterprise/api/rest/20100331/instances/", "Accept"=>"application/json", "Accept-Encoding"=>"gzip, deflate", "Timeout"=>"10"
# => 200 OK | application/json 653 bytes
RestClient.get "https://www-147.ibm.com/computecloud/enterprise/api/rest/20100331/instances/", "Accept"=>"application/json", "Accept-Encoding"=>"gzip, deflate", "Timeout"=>"10"
# => 200 OK | application/json 653 bytes
RestClient.get "https://www-147.ibm.com/computecloud/enterprise/api/rest/20100331/instances/", "Accept"=>"application/json", "Accept-Encoding"=>"gzip, deflate", "Timeout"=>"10"
# => 200 OK | application/json 645 bytes
RestClient.get "https://www-147.ibm.com/computecloud/enterprise/api/rest/20100331/instances/", "Accept"=>"application/json", "Accept-Encoding"=>"gzip, deflate", "Timeout"=>"10"
# => 200 OK | application/json 645 bytes
RestClient.get "https://www-147.ibm.com/computecloud/enterprise/api/rest/20100331/instances/", "Accept"=>"application/json", "Accept-Encoding"=>"gzip, deflate", "Timeout"=>"10"
# => 200 OK | application/json 645 bytes
RestClient.get "https://www-147.ibm.com/computecloud/enterprise/api/rest/20100331/instances/", "Accept"=>"application/json", "Accept-Encoding"=>"gzip, deflate", "Timeout"=>"10"
# => 200 OK | application/json 662 bytes
RestClient.get "https://www-147.ibm.com/computecloud/enterprise/api/rest/20100331/instances/", "Accept"=>"application/json", "Accept-Encoding"=>"gzip, deflate", "Timeout"=>"10"
# => 200 OK | application/json 1214 bytes
RestClient.get "https://www-147.ibm.com/computecloud/enterprise/api/rest/20100331/instances/", "Accept"=>"application/json", "Accept-Encoding"=>"gzip, deflate", "Timeout"=>"10"
# => 200 OK | application/json 1231 bytes
RestClient.get "https://www-147.ibm.com/computecloud/enterprise/api/rest/20100331/instances/", "Accept"=>"application/json", "Accept-Encoding"=>"gzip, deflate", "Timeout"=>"10"
# => 200 OK | application/json 1231 bytes
RestClient.get "https://www-147.ibm.com/computecloud/enterprise/api/rest/20100331/instances/", "Accept"=>"application/json", "Accept-Encoding"=>"gzip, deflate", "Timeout"=>"10"
# => 200 OK | application/json 1223 bytes
RestClient.get "https://www-147.ibm.com/computecloud/enterprise/api/rest/20100331/instances/", "Accept"=>"application/json", "Accept-Encoding"=>"gzip, deflate", "Timeout"=>"10"
# => 200 OK | application/json 1223 bytes
RestClient.get "https://www-147.ibm.com/computecloud/enterprise/api/rest/20100331/instances/", "Accept"=>"application/json", "Accept-Encoding"=>"gzip, deflate", "Timeout"=>"10"
# => 200 OK | application/json 1223 bytes
RestClient.get "https://www-147.ibm.com/computecloud/enterprise/api/rest/20100331/instances/", "Accept"=>"application/json", "Accept-Encoding"=>"gzip, deflate", "Timeout"=>"10"
# => 200 OK | application/json 1223 bytes
RestClient.get "https://www-147.ibm.com/computecloud/enterprise/api/rest/20100331/instances/", "Accept"=>"application/json", "Accept-Encoding"=>"gzip, deflate", "Timeout"=>"10"
# => 200 OK | application/json 1223 bytes
RestClient.get "https://www-147.ibm.com/computecloud/enterprise/api/rest/20100331/instances/", "Accept"=>"application/json", "Accept-Encoding"=>"gzip, deflate", "Timeout"=>"10"
# => 200 OK | application/json 1223 bytes
RestClient.get "https://www-147.ibm.com/computecloud/enterprise/api/rest/20100331/instances/", "Accept"=>"application/json", "Accept-Encoding"=>"gzip, deflate", "Timeout"=>"10"
# => 200 OK | application/json 1223 bytes
RestClient.get "https://www-147.ibm.com/computecloud/enterprise/api/rest/20100331/instances/", "Accept"=>"application/json", "Accept-Encoding"=>"gzip, deflate", "Timeout"=>"10"
# => 200 OK | application/json 1223 bytes
RestClient.get "https://www-147.ibm.com/computecloud/enterprise/api/rest/20100331/instances/", "Accept"=>"application/json", "Accept-Encoding"=>"gzip, deflate", "Timeout"=>"10"
# => 200 OK | application/json 1223 bytes
RestClient.get "https://www-147.ibm.com/computecloud/enterprise/api/rest/20100331/instances/", "Accept"=>"application/json", "Accept-Encoding"=>"gzip, deflate", "Timeout"=>"10"
# => 200 OK | application/json 1774 bytes
RestClient.get "https://www-147.ibm.com/computecloud/enterprise/api/rest/20100331/keys/", "Accept"=>"application/json", "Accept-Encoding"=>"gzip, deflate", "Timeout"=>"10"
# => 200 OK | application/json 1001 bytes
RestClient.get "https://www-147.ibm.com/computecloud/enterprise/api/rest/20100331/offerings/image/20024687", "Accept"=>"application/json", "Accept-Encoding"=>"gzip, deflate", "Timeout"=>"10"
# => 200 OK | application/json 917 bytes
RestClient.get "https://www-147.ibm.com/computecloud/enterprise/api/rest/20100331/offerings/image/", "Accept"=>"application/json", "Accept-Encoding"=>"gzip, deflate", "Timeout"=>"10"
# => 200 OK | application/json 904065 bytes
RestClient.get "https://www-147.ibm.com/computecloud/enterprise/api/rest/20100331/instances/", "Accept"=>"application/json", "Accept-Encoding"=>"gzip, deflate", "Timeout"=>"10"
# => 200 OK | application/json 1774 bytes
RestClient.get "https://www-147.ibm.com/computecloud/enterprise/api/rest/20100331/keys/", "Accept"=>"application/json", "Accept-Encoding"=>"gzip, deflate", "Timeout"=>"10"
# => 200 OK | application/json 1001 bytes
RestClient.get "https://www-147.ibm.com/computecloud/enterprise/api/rest/20100331/resquests/", "Accept"=>"application/json", "Accept-Encoding"=>"gzip, deflate", "Timeout"=>"10"
# => 500 InternalServerError | text/html 87 bytes
RestClient.get "https://www-147.ibm.com/computecloud/enterprise/api/rest/20100331/storage/", "Accept"=>"application/json", "Accept-Encoding"=>"gzip, deflate", "Timeout"=>"10"
# => 200 OK | application/json 426 bytes
RestClient.get "https://www-147.ibm.com/computecloud/enterprise/api/rest/20100331/keys/", "Accept"=>"application/json", "Accept-Encoding"=>"gzip, deflate", "Timeout"=>"10"
# => 200 OK | application/json 1001 bytes
RestClient.get "https://www-147.ibm.com/computecloud/enterprise/api/rest/20100331/keys/", "Accept"=>"application/json", "Accept-Encoding"=>"gzip, deflate", "Timeout"=>"10"
# => 200 OK | application/json 1001 bytes
RestClient.get "https://www-147.ibm.com/computecloud/enterprise/api/rest/20100331/offerings/image/20024687", "Accept"=>"application/json", "Accept-Encoding"=>"gzip, deflate", "Timeout"=>"10"
# => 200 OK | application/json 917 bytes
RestClient.get "https://www-147.ibm.com/computecloud/enterprise/api/rest/20100331/offerings/image/", "Accept"=>"application/json", "Accept-Encoding"=>"gzip, deflate", "Timeout"=>"10"
# => 200 OK | application/json 904065 bytes
RestClient.get "https://www-147.ibm.com/computecloud/enterprise/api/rest/20100331/instances/", "Accept"=>"application/json", "Accept-Encoding"=>"gzip, deflate", "Timeout"=>"10"
# => 200 OK | application/json 1774 bytes
RestClient.get "https://www-147.ibm.com/computecloud/enterprise/api/rest/20100331/keys/", "Accept"=>"application/json", "Accept-Encoding"=>"gzip, deflate", "Timeout"=>"10"
# => 200 OK | application/json 1001 bytes
RestClient.get "https://www-147.ibm.com/computecloud/enterprise/api/rest/20100331/storage/", "Accept"=>"application/json", "Accept-Encoding"=>"gzip, deflate", "Timeout"=>"10"
# => 200 OK | application/json 426 bytes
RestClient.get "https://www-147.ibm.com/computecloud/enterprise/api/rest/20100331/keys/", "Accept"=>"application/json", "Accept-Encoding"=>"gzip, deflate", "Timeout"=>"10"
# => 200 OK | application/json 1001 bytes
RestClient.get "https://www-147.ibm.com/computecloud/enterprise/api/rest/20100331/instances/", "Accept"=>"application/json", "Accept-Encoding"=>"gzip, deflate", "Timeout"=>"10"
# => 200 OK | application/json 1774 bytes
RestClient.get "https://www-147.ibm.com/computecloud/enterprise/api/rest/20100331/instances/", "Accept"=>"application/json", "Accept-Encoding"=>"gzip, deflate", "Timeout"=>"10"
# => 200 OK | application/json 1774 bytes
RestClient.get "https://www-147.ibm.com/computecloud/enterprise/api/rest/20100331/instances/", "Accept"=>"application/json", "Accept-Encoding"=>"gzip, deflate", "Timeout"=>"10"
# => 200 OK | application/json 1774 bytes
RestClient.get "https://www-147.ibm.com/computecloud/enterprise/api/rest/20100331/instances/", "Accept"=>"application/json", "Accept-Encoding"=>"gzip, deflate", "Timeout"=>"10"
# => 200 OK | application/json 1774 bytes
RestClient.get "https://www-147.ibm.com/computecloud/enterprise/api/rest/20100331/instances/", "Accept"=>"application/json", "Accept-Encoding"=>"gzip, deflate", "Timeout"=>"10"
# => 200 OK | application/json 1774 bytes
RestClient.get "https://www-147.ibm.com/computecloud/enterprise/api/rest/20100331/instances/", "Accept"=>"application/json", "Accept-Encoding"=>"gzip, deflate", "Timeout"=>"10"
# => 200 OK | application/json 1774 bytes
RestClient.get "https://www-147.ibm.com/computecloud/enterprise/api/rest/20100331/instances/", "Accept"=>"application/json", "Accept-Encoding"=>"gzip, deflate", "Timeout"=>"10"
# => 200 OK | application/json 1774 bytes
RestClient.get "https://www-147.ibm.com/computecloud/enterprise/api/rest/20100331/instances/", "Accept"=>"application/json", "Accept-Encoding"=>"gzip, deflate", "Timeout"=>"10"
# => 200 OK | application/json 1774 bytes
RestClient.get "https://www-147.ibm.com/computecloud/enterprise/api/rest/20100331/instances/", "Accept"=>"application/json", "Accept-Encoding"=>"gzip, deflate", "Timeout"=>"10"
# => 200 OK | application/json 1774 bytes
RestClient.get "https://www-147.ibm.com/computecloud/enterprise/api/rest/20100331/instances/", "Accept"=>"application/json", "Accept-Encoding"=>"gzip, deflate", "Timeout"=>"10"
# => 200 OK | application/json 1774 bytes
RestClient.get "https://www-147.ibm.com/computecloud/enterprise/api/rest/20100331/instances/", "Accept"=>"application/json", "Accept-Encoding"=>"gzip, deflate", "Timeout"=>"10"
# => 200 OK | application/json 1774 bytes
RestClient.get "https://www-147.ibm.com/computecloud/enterprise/api/rest/20100331/instances/", "Accept"=>"application/json", "Accept-Encoding"=>"gzip, deflate", "Timeout"=>"10"
# => 200 OK | application/json 1774 bytes
RestClient.get "https://www-147.ibm.com/computecloud/enterprise/api/rest/20100331/instances/", "Accept"=>"application/json", "Accept-Encoding"=>"gzip, deflate", "Timeout"=>"10"
# => 200 OK | application/json 1774 bytes
RestClient.get "https://www-147.ibm.com/computecloud/enterprise/api/rest/20100331/instances/", "Accept"=>"application/json", "Accept-Encoding"=>"gzip, deflate", "Timeout"=>"10"
# => 200 OK | application/json 1774 bytes
RestClient.get "https://www-147.ibm.com/computecloud/enterprise/api/rest/20100331/instances/", "Accept"=>"application/json", "Accept-Encoding"=>"gzip, deflate", "Timeout"=>"10"
# => 200 OK | application/json 1774 bytes
RestClient.get "https://www-147.ibm.com/computecloud/enterprise/api/rest/20100331/instances/", "Accept"=>"application/json", "Accept-Encoding"=>"gzip, deflate", "Timeout"=>"10"
# => 200 OK | application/json 1774 bytes
RestClient.get "https://www-147.ibm.com/computecloud/enterprise/api/rest/20100331/instances/", "Accept"=>"application/json", "Accept-Encoding"=>"gzip, deflate", "Timeout"=>"10"
# => 200 OK | application/json 1774 bytes
RestClient.get "https://www-147.ibm.com/computecloud/enterprise/api/rest/20100331/instances/", "Accept"=>"application/json", "Accept-Encoding"=>"gzip, deflate", "Timeout"=>"10"
# => 200 OK | application/json 1774 bytes
RestClient.get "https://www-147.ibm.com/computecloud/enterprise/api/rest/20100331/instances/", "Accept"=>"application/json", "Accept-Encoding"=>"gzip, deflate", "Timeout"=>"10"
# => 200 OK | application/json 1774 bytes
RestClient.get "https://www-147.ibm.com/computecloud/enterprise/api/rest/20100331/instances/", "Accept"=>"application/json", "Accept-Encoding"=>"gzip, deflate", "Timeout"=>"10"
# => 200 OK | application/json 1774 bytes
RestClient.get "https://www-147.ibm.com/computecloud/enterprise/api/rest/20100331/instances/", "Accept"=>"application/json", "Accept-Encoding"=>"gzip, deflate", "Timeout"=>"10"
# => 200 OK | application/json 1774 bytes
RestClient.get "https://www-147.ibm.com/computecloud/enterprise/api/rest/20100331/instances/", "Accept"=>"application/json", "Accept-Encoding"=>"gzip, deflate", "Timeout"=>"10"
# => 200 OK | application/json 1774 bytes
RestClient.get "https://www-147.ibm.com/computecloud/enterprise/api/rest/20100331/instances/", "Accept"=>"application/json", "Accept-Encoding"=>"gzip, deflate", "Timeout"=>"10"
# => 200 OK | application/json 1774 bytes
RestClient.get "https://www-147.ibm.com/computecloud/enterprise/api/rest/20100331/instances/", "Accept"=>"application/json", "Accept-Encoding"=>"gzip, deflate", "Timeout"=>"10"
# => 200 OK | application/json 1774 bytes
RestClient.get "https://www-147.ibm.com/computecloud/enterprise/api/rest/20100331/instances/", "Accept"=>"application/json", "Accept-Encoding"=>"gzip, deflate", "Timeout"=>"10"
# => 200 OK | application/json 1774 bytes
RestClient.get "https://www-147.ibm.com/computecloud/enterprise/api/rest/20100331/instances/", "Accept"=>"application/json", "Accept-Encoding"=>"gzip, deflate", "Timeout"=>"10"
# => 200 OK | application/json 1774 bytes
RestClient.get "https://www-147.ibm.com/computecloud/enterprise/api/rest/20100331/instances/", "Accept"=>"application/json", "Accept-Encoding"=>"gzip, deflate", "Timeout"=>"10"
# => 200 OK | application/json 1774 bytes
RestClient.get "https://www-147.ibm.com/computecloud/enterprise/api/rest/20100331/instances/", "Accept"=>"application/json", "Accept-Encoding"=>"gzip, deflate", "Timeout"=>"10"
# => 200 OK | application/json 1774 bytes
RestClient.get "https://www-147.ibm.com/computecloud/enterprise/api/rest/20100331/instances/", "Accept"=>"application/json", "Accept-Encoding"=>"gzip, deflate", "Timeout"=>"10"
# => 200 OK | application/json 1774 bytes
RestClient.get "https://www-147.ibm.com/computecloud/enterprise/api/rest/20100331/instances/", "Accept"=>"application/json", "Accept-Encoding"=>"gzip, deflate", "Timeout"=>"10"
# => 200 OK | application/json 1774 bytes
RestClient.get "https://www-147.ibm.com/computecloud/enterprise/api/rest/20100331/instances/", "Accept"=>"application/json", "Accept-Encoding"=>"gzip, deflate", "Timeout"=>"10"
# => 200 OK | application/json 1774 bytes
RestClient.get "https://www-147.ibm.com/computecloud/enterprise/api/rest/20100331/instances/", "Accept"=>"application/json", "Accept-Encoding"=>"gzip, deflate", "Timeout"=>"10"
# => 200 OK | application/json 1774 bytes
RestClient.get "https://www-147.ibm.com/computecloud/enterprise/api/rest/20100331/instances/", "Accept"=>"application/json", "Accept-Encoding"=>"gzip, deflate", "Timeout"=>"10"
# => 200 OK | application/json 1774 bytes
RestClient.get "https://www-147.ibm.com/computecloud/enterprise/api/rest/20100331/instances/", "Accept"=>"application/json", "Accept-Encoding"=>"gzip, deflate", "Timeout"=>"10"
# => 200 OK | application/json 1774 bytes
RestClient.get "https://www-147.ibm.com/computecloud/enterprise/api/rest/20100331/instances/", "Accept"=>"application/json", "Accept-Encoding"=>"gzip, deflate", "Timeout"=>"10"
# => 200 OK | application/json 1774 bytes
RestClient.get "https://www-147.ibm.com/computecloud/enterprise/api/rest/20100331/instances/", "Accept"=>"application/json", "Accept-Encoding"=>"gzip, deflate", "Timeout"=>"10"
# => 200 OK | application/json 1774 bytes
RestClient.get "https://www-147.ibm.com/computecloud/enterprise/api/rest/20100331/instances/", "Accept"=>"application/json", "Accept-Encoding"=>"gzip, deflate", "Timeout"=>"10"
# => 200 OK | application/json 1774 bytes
RestClient.get "https://www-147.ibm.com/computecloud/enterprise/api/rest/20100331/instances/", "Accept"=>"application/json", "Accept-Encoding"=>"gzip, deflate", "Timeout"=>"10"
# => 200 OK | application/json 1774 bytes
RestClient.get "https://www-147.ibm.com/computecloud/enterprise/api/rest/20100331/instances/", "Accept"=>"application/json", "Accept-Encoding"=>"gzip, deflate", "Timeout"=>"10"
# => 200 OK | application/json 1774 bytes
RestClient.get "https://www-147.ibm.com/computecloud/enterprise/api/rest/20100331/instances/", "Accept"=>"application/json", "Accept-Encoding"=>"gzip, deflate", "Timeout"=>"10"
# => 200 OK | application/json 1774 bytes
RestClient.get "https://www-147.ibm.com/computecloud/enterprise/api/rest/20100331/instances/", "Accept"=>"application/json", "Accept-Encoding"=>"gzip, deflate", "Timeout"=>"10"
# => 200 OK | application/json 1774 bytes
RestClient.get "https://www-147.ibm.com/computecloud/enterprise/api/rest/20100331/instances/", "Accept"=>"application/json", "Accept-Encoding"=>"gzip, deflate", "Timeout"=>"10"
# => 200 OK | application/json 1774 bytes
RestClient.get "https://www-147.ibm.com/computecloud/enterprise/api/rest/20100331/instances/", "Accept"=>"application/json", "Accept-Encoding"=>"gzip, deflate", "Timeout"=>"10"
# => 200 OK | application/json 1774 bytes
RestClient.get "https://www-147.ibm.com/computecloud/enterprise/api/rest/20100331/instances/", "Accept"=>"application/json", "Accept-Encoding"=>"gzip, deflate", "Timeout"=>"10"
RestClient.get "https://www-147.ibm.com/computecloud/enterprise/api/rest/20100331/instances/", "Accept"=>"application/json", "Accept-Encoding"=>"gzip, deflate", "Timeout"=>"10"
# => 200 OK | application/json 1774 bytes
RestClient.get "https://www-147.ibm.com/computecloud/enterprise/api/rest/20100331/keys/", "Accept"=>"application/json", "Accept-Encoding"=>"gzip, deflate", "Timeout"=>"10"
# => 200 OK | application/json 1001 bytes
RestClient.get "https://www-147.ibm.com/computecloud/enterprise/api/rest/20100331/offerings/image/20024687", "Accept"=>"application/json", "Accept-Encoding"=>"gzip, deflate", "Timeout"=>"10"
# => 200 OK | application/json 917 bytes
RestClient.get "https://www-147.ibm.com/computecloud/enterprise/api/rest/20100331/offerings/image/", "Accept"=>"application/json", "Accept-Encoding"=>"gzip, deflate", "Timeout"=>"10"
# => 200 OK | application/json 904065 bytes
RestClient.get "https://www-147.ibm.com/computecloud/enterprise/api/rest/20100331/instances/", "Accept"=>"application/json", "Accept-Encoding"=>"gzip, deflate", "Timeout"=>"10"
# => 200 OK | application/json 1774 bytes
RestClient.get "https://www-147.ibm.com/computecloud/enterprise/api/rest/20100331/keys/", "Accept"=>"application/json", "Accept-Encoding"=>"gzip, deflate", "Timeout"=>"10"
# => 200 OK | application/json 1001 bytes
RestClient.get "https://www-147.ibm.com/computecloud/enterprise/api/rest/20100331/resquests/107549", "Accept"=>"application/json", "Accept-Encoding"=>"gzip, deflate", "Timeout"=>"10"
# => 500 InternalServerError | text/html 87 bytes
RestClient.get "https://www-147.ibm.com/computecloud/enterprise/api/rest/20100331/storage/", "Accept"=>"application/json", "Accept-Encoding"=>"gzip, deflate", "Timeout"=>"10"
# => 200 OK | application/json 426 bytes
RestClient.get "https://www-147.ibm.com/computecloud/enterprise/api/rest/20100331/keys/", "Accept"=>"application/json", "Accept-Encoding"=>"gzip, deflate", "Timeout"=>"10"
# => 200 OK | application/json 1001 bytes
RestClient.get "https://www-147.ibm.com/computecloud/enterprise/api/rest/20100331/keys/", "Accept"=>"application/json", "Accept-Encoding"=>"gzip, deflate", "Timeout"=>"10"
# => 200 OK | application/json 1001 bytes
RestClient.get "https://www-147.ibm.com/computecloud/enterprise/api/rest/20100331/offerings/image/20024687", "Accept"=>"application/json", "Accept-Encoding"=>"gzip, deflate", "Timeout"=>"10"
# => 200 OK | application/json 917 bytes
RestClient.get "https://www-147.ibm.com/computecloud/enterprise/api/rest/20100331/offerings/image/", "Accept"=>"application/json", "Accept-Encoding"=>"gzip, deflate", "Timeout"=>"10"
# => 200 OK | application/json 904065 bytes
RestClient.get "https://www-147.ibm.com/computecloud/enterprise/api/rest/20100331/instances/", "Accept"=>"application/json", "Accept-Encoding"=>"gzip, deflate", "Timeout"=>"10"
# => 200 OK | application/json 1774 bytes
RestClient.get "https://www-147.ibm.com/computecloud/enterprise/api/rest/20100331/keys/", "Accept"=>"application/json", "Accept-Encoding"=>"gzip, deflate", "Timeout"=>"10"
# => 200 OK | application/json 1001 bytes
RestClient.get "https://www-147.ibm.com/computecloud/enterprise/api/rest/20100331/requests/107549", "Accept"=>"application/json", "Accept-Encoding"=>"gzip, deflate", "Timeout"=>"10"
# => 401 Unauthorized | text/html 74 bytes
RestClient.get "https://www-147.ibm.com/computecloud/enterprise/api/rest/20100331/storage/", "Accept"=>"application/json", "Accept-Encoding"=>"gzip, deflate", "Timeout"=>"10"
# => 200 OK | application/json 426 bytes
RestClient.get "https://www-147.ibm.com/computecloud/enterprise/api/rest/20100331/keys/", "Accept"=>"application/json", "Accept-Encoding"=>"gzip, deflate", "Timeout"=>"10"
# => 200 OK | application/json 1001 bytes
RestClient.get "https://www-147.ibm.com/computecloud/enterprise/api/rest/20100331/keys/", "Accept"=>"application/json", "Accept-Encoding"=>"gzip, deflate", "Timeout"=>"10"
# => 200 OK | application/json 1001 bytes
RestClient.get "https://www-147.ibm.com/computecloud/enterprise/api/rest/20100331/offerings/image/20024687", "Accept"=>"application/json", "Accept-Encoding"=>"gzip, deflate", "Timeout"=>"10"
# => 200 OK | application/json 917 bytes
RestClient.get "https://www-147.ibm.com/computecloud/enterprise/api/rest/20100331/offerings/image/", "Accept"=>"application/json", "Accept-Encoding"=>"gzip, deflate", "Timeout"=>"10"
# => 200 OK | application/json 904065 bytes
RestClient.get "https://www-147.ibm.com/computecloud/enterprise/api/rest/20100331/instances/", "Accept"=>"application/json", "Accept-Encoding"=>"gzip, deflate", "Timeout"=>"10"
# => 200 OK | application/json 1791 bytes
RestClient.get "https://www-147.ibm.com/computecloud/enterprise/api/rest/20100331/keys/", "Accept"=>"application/json", "Accept-Encoding"=>"gzip, deflate", "Timeout"=>"10"
# => 200 OK | application/json 1001 bytes
RestClient.get "https://www-147.ibm.com/computecloud/enterprise/api/rest/20100331/requests/107650", "Accept"=>"application/json", "Accept-Encoding"=>"gzip, deflate", "Timeout"=>"10"
# => 401 Unauthorized | text/html 74 bytes
RestClient.get "https://www-147.ibm.com/computecloud/enterprise/api/rest/20100331/storage/", "Accept"=>"application/json", "Accept-Encoding"=>"gzip, deflate", "Timeout"=>"10"
# => 200 OK | application/json 426 bytes
RestClient.get "https://www-147.ibm.com/computecloud/enterprise/api/rest/20100331/keys/", "Accept"=>"application/json", "Accept-Encoding"=>"gzip, deflate", "Timeout"=>"10"
# => 200 OK | application/json 1001 bytes
